To load "cl-csv":
  Load 1 ASDF system:
    cl-csv
; Loading "cl-csv"
.....
To load "array-operations":
  Load 1 ASDF system:
    array-operations
; Loading "array-operations"

To load "magicl":
  Load 1 ASDF system:
    magicl
; Loading "magicl"
.............
; 
; compilation unit aborted
;   caught 1 fatal ERROR condition

"a" To load "cffi":
  Load 1 ASDF system:
    cffi
; Loading "cffi"

Processing std/arrays.lisp…
Processing std/filters.lisp…
Processing std/io.lisp…
Processing std/math.lisp…
Processing std/signal_processing.lisp…
Warning: Error reading form in std/signal_processing.lisp: Package FFTW-FFI does not exist.

                                                             Line: 5,
                                                             Column: 23,
                                                             File-Position: 129

                                                             Stream: #<SB-SYS:FD-STREAM for "file C:\\Users\\sanderr\\portacle\\projects\\spectral\\std\\signal_processing.lisp" {11057B1AF3}>
Warning: Error reading form in std/signal_processing.lisp: unmatched close parenthesis

                                                             Line: 5,
                                                             Column: 30,
                                                             File-Position: 136

                                                             Stream: #<SB-SYS:FD-STREAM for "file C:\\Users\\sanderr\\portacle\\projects\\spectral\\std\\signal_processing.lisp" {11057B1AF3}>
Warning: Error reading form in std/signal_processing.lisp: unmatched close parenthesis

                                                             Line: 5,
                                                             Column: 31,
                                                             File-Position: 137

                                                             Stream: #<SB-SYS:FD-STREAM for "file C:\\Users\\sanderr\\portacle\\projects\\spectral\\std\\signal_processing.lisp" {11057B1AF3}>
Warning: Error reading form in std/signal_processing.lisp: Package FFTW-FFI does not exist.

                                                             Line: 9,
                                                             Column: 24,
                                                             File-Position: 250

                                                             Stream: #<SB-SYS:FD-STREAM for "file C:\\Users\\sanderr\\portacle\\projects\\spectral\\std\\signal_processing.lisp" {11057B1AF3}>
Warning: Error reading form in std/signal_processing.lisp: unmatched close parenthesis

                                                             Line: 9,
                                                             Column: 31,
                                                             File-Position: 257

                                                             Stream: #<SB-SYS:FD-STREAM for "file C:\\Users\\sanderr\\portacle\\projects\\spectral\\std\\signal_processing.lisp" {11057B1AF3}>
Warning: Error reading form in std/signal_processing.lisp: unmatched close parenthesis

                                                             Line: 9,
                                                             Column: 32,
                                                             File-Position: 258

                                                             Stream: #<SB-SYS:FD-STREAM for "file C:\\Users\\sanderr\\portacle\\projects\\spectral\\std\\signal_processing.lisp" {11057B1AF3}>
Processing std/stack.lisp…
